<?xml version="1.0" encoding="UTF-8"?>
<!-- Generated by org.testng.reporters.JUnitXMLReporter -->
<testsuite ignored="0" hostname="DESKTOP-MN4AF6F" failures="0" tests="4" name="Default test" time="6.415" errors="0" timestamp="2025-07-09T17:43:20 IST">
  <testcase classname="assignements.Assignements10" name="TestCase1" time="3.422"/>
  <testcase classname="assignements.Assignements10" name="TestCase2" time="0.302"/>
  <testcase classname="assignements.Assignements10" name="TestCase3" time="0.329"/>
  <testcase classname="assignements.Assignements10" name="TestCase4" time="0.281"/>
</testsuite> <!-- Default test -->
