<?xml version="1.0" encoding="UTF-8"?>
<!-- Generated by org.testng.reporters.JUnitXMLReporter -->
<testsuite ignored="0" hostname="DESKTOP-MN4AF6F" failures="0" tests="3" name="Default test" time="12.922" errors="0" timestamp="2025-07-07T20:38:25 IST">
  <testcase classname="assignements.Assignement9" name="TestCase1" time="0.297"/>
  <testcase classname="assignements.Assignement9" name="TestCase2" time="2.207"/>
  <testcase classname="assignements.Assignement9" name="TestCase3" time="2.315"/>
</testsuite> <!-- Default test -->
