<?xml version="1.0" encoding="UTF-8"?>
<testng-results ignored="0" total="3" passed="3" failed="0" skipped="0">
  <reporter-output>
  </reporter-output>
  <suite started-at="2025-07-07T20:38:12 IST" name="Default suite" finished-at="2025-07-07T20:38:25 IST" duration-ms="12922">
    <groups>
    </groups>
    <test started-at="2025-07-07T20:38:12 IST" name="Default test" finished-at="2025-07-07T20:38:25 IST" duration-ms="12922">
      <class name="assignements.Assignement9">
        <test-method is-config="true" signature="OpenUrl()[pri:0, instance:assignements.Assignement9@6fefce9e]" started-at="2025-07-07T20:38:12 IST" name="OpenUrl" finished-at="2025-07-07T20:38:20 IST" duration-ms="8012" status="PASS">
          <reporter-output>
          </reporter-output>
        </test-method> <!-- OpenUrl -->
        <test-method signature="TestCase1()[pri:0, instance:assignements.Assignement9@6fefce9e]" started-at="2025-07-07T20:38:20 IST" name="TestCase1" finished-at="2025-07-07T20:38:20 IST" duration-ms="297" status="PASS">
          <reporter-output>
          </reporter-output>
        </test-method> <!-- TestCase1 -->
        <test-method signature="TestCase2()[pri:0, instance:assignements.Assignement9@6fefce9e]" started-at="2025-07-07T20:38:20 IST" name="TestCase2" finished-at="2025-07-07T20:38:23 IST" duration-ms="2207" status="PASS">
          <reporter-output>
          </reporter-output>
        </test-method> <!-- TestCase2 -->
        <test-method signature="TestCase3()[pri:0, instance:assignements.Assignement9@6fefce9e]" started-at="2025-07-07T20:38:23 IST" name="TestCase3" finished-at="2025-07-07T20:38:25 IST" duration-ms="2315" status="PASS">
          <reporter-output>
          </reporter-output>
        </test-method> <!-- TestCase3 -->
      </class> <!-- assignements.Assignement9 -->
    </test> <!-- Default test -->
  </suite> <!-- Default suite -->
</testng-results>
