<?xml version="1.0" encoding="UTF-8"?>
<testng-results ignored="0" total="2" passed="2" failed="0" skipped="0">
  <reporter-output>
  </reporter-output>
  <suite started-at="2025-07-18T14:43:12 IST" name="Default suite" finished-at="2025-07-18T14:43:33 IST" duration-ms="20904">
    <groups>
    </groups>
    <test started-at="2025-07-18T14:43:12 IST" name="Default test" finished-at="2025-07-18T14:43:33 IST" duration-ms="20904">
      <class name="assignements.Assignements16">
        <test-method is-config="true" signature="OpenUrl()[pri:0, instance:assignements.Assignements16@460f76a6]" started-at="2025-07-18T14:43:12 IST" name="OpenUrl" finished-at="2025-07-18T14:43:22 IST" duration-ms="10521" status="PASS">
          <reporter-output>
          </reporter-output>
        </test-method> <!-- OpenUrl -->
        <test-method signature="TestCase1()[pri:0, instance:assignements.Assignements16@460f76a6]" started-at="2025-07-18T14:43:22 IST" name="TestCase1" finished-at="2025-07-18T14:43:33 IST" duration-ms="10172" status="PASS">
          <reporter-output>
          </reporter-output>
        </test-method> <!-- TestCase1 -->
        <test-method signature="TestCase2()[pri:0, instance:assignements.Assignements16@460f76a6]" started-at="2025-07-18T14:43:33 IST" name="TestCase2" finished-at="2025-07-18T14:43:33 IST" duration-ms="153" status="PASS">
          <reporter-output>
          </reporter-output>
        </test-method> <!-- TestCase2 -->
      </class> <!-- assignements.Assignements16 -->
    </test> <!-- Default test -->
  </suite> <!-- Default suite -->
</testng-results>
